<?xml version="1.0" encoding="UTF-8"?>
<!-- Generated by org.testng.reporters.JUnitXMLReporter -->
<testsuite ignored="0" hostname="ALPWAPGST7929" failures="0" tests="5" name="TC_01" time="0.289" errors="0" timestamp="2020-12-30T07:29:39 EST">
  <testcase classname="TESTING.E2EProject.TC_03_AddToCart" name="@BeforeTest getdriver" time="0.091">
    <failure type="org.openqa.selenium.WebDriverException" message="Cannot find firefox binary in PATH. Make sure firefox is installed. OS appears to be: WIN10
Build info: version: &amp;apos;3.141.59&amp;apos;, revision: &amp;apos;e82be7d358&amp;apos;, time: &amp;apos;2018-11-14T08:17:03&amp;apos;
System info: host: &amp;apos;ALPWAPGST7929&amp;apos;, ip: &amp;apos;10.143.52.188&amp;apos;, os.name: &amp;apos;Windows 10&amp;apos;, os.arch: &amp;apos;amd64&amp;apos;, os.version: &amp;apos;10.0&amp;apos;, java.version: &amp;apos;14&amp;apos;
Driver info: driver.version: FirefoxDriver">
      <![CDATA[org.openqa.selenium.WebDriverException: Cannot find firefox binary in PATH. Make sure firefox is installed. OS appears to be: WIN10
Build info: version: '3.141.59', revision: 'e82be7d358', time: '2018-11-14T08:17:03'
System info: host: 'ALPWAPGST7929', ip: '10.143.52.188', os.name: 'Windows 10', os.arch: 'amd64', os.version: '10.0', java.version: '14'
Driver info: driver.version: FirefoxDriver
at org.openqa.selenium.firefox.FirefoxBinary.<init>(FirefoxBinary.java:100)
at java.base/java.util.Optional.orElseGet(Optional.java:362)
at org.openqa.selenium.firefox.FirefoxOptions.getBinary(FirefoxOptions.java:216)
at org.openqa.selenium.firefox.FirefoxDriver.toExecutor(FirefoxDriver.java:187)
at org.openqa.selenium.firefox.FirefoxDriver.<init>(FirefoxDriver.java:147)
at org.openqa.selenium.firefox.FirefoxDriver.<init>(FirefoxDriver.java:125)
at resources.Base.initializedriver(Base.java:42)
at TESTING.E2EProject.TC_03_AddToCart.getdriver(TC_03_AddToCart.java:25)
at java.base/java.util.concurrent.FutureTask.run(FutureTask.java:264)
at java.base/java.util.concurrent.ThreadPoolExecutor.runWorker(ThreadPoolExecutor.java:1130)
at java.base/java.util.concurrent.ThreadPoolExecutor$Worker.run(ThreadPoolExecutor.java:630)
at java.base/java.lang.Thread.run(Thread.java:832)
... Removed 15 stack frames]]>
    </failure>
  </testcase> <!-- @BeforeTest getdriver -->
  <testcase classname="TESTING.E2EProject.TC_03_AddToCart" name="@AfterTest tearDown" time="-1.609331378746E9">
    <skipped/>
  </testcase> <!-- @AfterTest tearDown -->
  <testcase classname="TESTING.E2EProject.TC_02_Login" name="baseLogin" time="0.0">
    <skipped/>
  </testcase> <!-- baseLogin -->
  <testcase classname="TESTING.E2EProject.TC_03_AddToCart" name="baseAddToCart" time="0.0">
    <skipped/>
  </testcase> <!-- baseAddToCart -->
  <testcase classname="TESTING.E2EProject.TC_01_Registration" name="baseRegistration" time="0.0">
    <skipped/>
  </testcase> <!-- baseRegistration -->
  <testcase classname="TESTING.E2EProject.TC_01_Registration" name="baseRegistration" time="0.0">
    <skipped/>
  </testcase> <!-- baseRegistration -->
  <testcase classname="TESTING.E2EProject.TC_01_Registration" name="baseRegistration" time="0.0">
    <skipped/>
  </testcase> <!-- baseRegistration -->
</testsuite> <!-- TC_01 -->
